<?xml version="1.0" encoding="UTF-8"?>
<!-- Generated by org.testng.reporters.JUnitReportReporter -->
<testsuite hostname="vasu-PC" name="com.testng.FirstTestNG" tests="1" failures="0" timestamp="21 May 2018 15:49:10 GMT" time="0.002" errors="0">
  <testcase name="appLaunch" time="0.002" classname="com.testng.FirstTestNG"/>
</testsuite> <!-- com.testng.FirstTestNG -->
