<?xml version="1.0" encoding="UTF-8"?>
<!-- Generated by org.testng.reporters.JUnitReportReporter -->
<testsuite hostname="vasu-PC" name="com.testng.AddEmpTest" tests="1" failures="0" timestamp="21 May 2018 16:04:48 GMT" time="6.924" errors="0">
  <testcase name="empAdd" time="6.924" classname="com.testng.AddEmpTest"/>
</testsuite> <!-- com.testng.AddEmpTest -->
