<?xml version="1.0" encoding="UTF-8"?>
<!-- Generated by org.testng.reporters.JUnitReportReporter -->
<testsuite hostname="vasu-PC" name="com.testng.AdminLoginTest" tests="1" failures="0" timestamp="21 May 2018 16:18:40 GMT" time="10.995" errors="0">
  <testcase name="appLaunch" time="10.995" classname="com.testng.AdminLoginTest"/>
</testsuite> <!-- com.testng.AdminLoginTest -->
