<?xml version="1.0" encoding="UTF-8"?>
<!-- Generated by org.testng.reporters.JUnitReportReporter -->
<testsuite hostname="vasu-PC" name="com.testng.MultipleTest" tests="3" failures="0" timestamp="21 May 2018 15:49:10 GMT" time="0.006" errors="0">
  <testcase name="method2" time="0.004" classname="com.testng.MultipleTest"/>
  <testcase name="method1" time="0.001" classname="com.testng.MultipleTest"/>
  <testcase name="method3" time="0.001" classname="com.testng.MultipleTest"/>
</testsuite> <!-- com.testng.MultipleTest -->
